# JRE version: Java(TM) SE Runtime Environment (8.0_74-b02) (build 1.8.0_74-b02)
# Java VM: Java HotSpot(TM) 64-Bit Server VM (25.74-b02 mixed mode linux-amd64 compressed oops)
Heap:
 PSYoungGen      total 16384K, used 596K [0x00000000eb800000, 0x00000000ed400000, 0x0000000100000000)
  eden space 15872K, 2% used [0x00000000eb800000,0x00000000eb8552a8,0x00000000ec780000)
  from space 512K, 50% used [0x00000000ecd80000,0x00000000ecdc0000,0x00000000ece00000)
  to   space 5120K, 0% used [0x00000000ecf00000,0x00000000ecf00000,0x00000000ed400000)
 ParOldGen       total 42496K, used 5649K [0x00000000c2800000, 0x00000000c5180000, 0x00000000eb800000)
  object space 42496K, 13% used [0x00000000c2800000,0x00000000c2d84430,0x00000000c5180000)
 Metaspace       used 16173K, capacity 16762K, committed 17024K, reserved 1064960K
  class space    used 2238K, capacity 2417K, committed 2432K, reserved 1048576K
GC Heap History (10 events):
Event: 163.040 GC heap before
{Heap before GC invocations=3 (full 0):
 PSYoungGen      total 18432K, used 18416K [0x00000000eb800000, 0x00000000edc00000, 0x0000000100000000)
  eden space 15872K, 100% used [0x00000000eb800000,0x00000000ec780000,0x00000000ec780000)
  from space 2560K, 99% used [0x00000000ed980000,0x00000000edbfc068,0x00000000edc00000)
  to   space 2560K, 0% used [0x00000000ec780000,0x00000000ec780000,0x00000000eca00000)
 ParOldGen       total 42496K, used 1990K [0x00000000c2800000, 0x00000000c5180000, 0x00000000eb800000)
  object space 42496K, 4% used [0x00000000c2800000,0x00000000c29f1ab0,0x00000000c5180000)
 Metaspace       used 16070K, capacity 16698K, committed 16768K, reserved 1062912K
  class space    used 2237K, capacity 2417K, committed 2432K, reserved 1048576K
Event: 163.055 GC heap after
Heap after GC invocations=3 (full 0):
 PSYoungGen      total 18432K, used 2544K [0x00000000eb800000, 0x00000000eda00000, 0x0000000100000000)
  eden space 15872K, 0% used [0x00000000eb800000,0x00000000eb800000,0x00000000ec780000)
  from space 2560K, 99% used [0x00000000ec780000,0x00000000ec9fc048,0x00000000eca00000)
  to   space 2560K, 0% used [0x00000000ed780000,0x00000000ed780000,0x00000000eda00000)
 ParOldGen       total 42496K, used 3190K [0x00000000c2800000, 0x00000000c5180000, 0x00000000eb800000)
  object space 42496K, 7% used [0x00000000c2800000,0x00000000c2b1dac0,0x00000000c5180000)
 Metaspace       used 16070K, capacity 16698K, committed 16768K, reserved 1062912K
  class space    used 2237K, capacity 2417K, committed 2432K, reserved 1048576K
}
Event: 351.038 GC heap before
{Heap before GC invocations=4 (full 0):
 PSYoungGen      total 18432K, used 18416K [0x00000000eb800000, 0x00000000eda00000, 0x0000000100000000)
  eden space 15872K, 100% used [0x00000000eb800000,0x00000000ec780000,0x00000000ec780000)
  from space 2560K, 99% used [0x00000000ec780000,0x00000000ec9fc048,0x00000000eca00000)
  to   space 2560K, 0% used [0x00000000ed780000,0x00000000ed780000,0x00000000eda00000)
 ParOldGen       total 42496K, used 3190K [0x00000000c2800000, 0x00000000c5180000, 0x00000000eb800000)
  object space 42496K, 7% used [0x00000000c2800000,0x00000000c2b1dac0,0x00000000c5180000)
 Metaspace       used 16171K, capacity 16762K, committed 17024K, reserved 1064960K
  class space    used 2238K, capacity 2417K, committed 2432K, reserved 1048576K
Event: 351.053 GC heap after
Heap after GC invocations=4 (full 0):
 PSYoungGen      total 18432K, used 2544K [0x00000000eb800000, 0x00000000eda00000, 0x0000000100000000)
  eden space 15872K, 0% used [0x00000000eb800000,0x00000000eb800000,0x00000000ec780000)
  from space 2560K, 99% used [0x00000000ed780000,0x00000000ed9fc048,0x00000000eda00000)
  to   space 2560K, 0% used [0x00000000ec780000,0x00000000ec780000,0x00000000eca00000)
 ParOldGen       total 42496K, used 3222K [0x00000000c2800000, 0x00000000c5180000, 0x00000000eb800000)
  object space 42496K, 7% used [0x00000000c2800000,0x00000000c2b25ad0,0x00000000c5180000)
 Metaspace       used 16171K, capacity 16762K, committed 17024K, reserved 1064960K
  class space    used 2238K, capacity 2417K, committed 2432K, reserved 1048576K
}
Event: 537.168 GC heap before
{Heap before GC invocations=5 (full 0):
 PSYoungGen      total 18432K, used 18416K [0x00000000eb800000, 0x00000000eda00000, 0x0000000100000000)
  eden space 15872K, 100% used [0x00000000eb800000,0x00000000ec780000,0x00000000ec780000)
  from space 2560K, 99% used [0x00000000ed780000,0x00000000ed9fc048,0x00000000eda00000)
  to   space 2560K, 0% used [0x00000000ec780000,0x00000000ec780000,0x00000000eca00000)
 ParOldGen       total 42496K, used 3222K [0x00000000c2800000, 0x00000000c5180000, 0x00000000eb800000)
  object space 42496K, 7% used [0x00000000c2800000,0x00000000c2b25ad0,0x00000000c5180000)
 Metaspace       used 16172K, capacity 16762K, committed 17024K, reserved 1064960K
  class space    used 2238K, capacity 2417K, committed 2432K, reserved 1048576K
Event: 537.184 GC heap after
Heap after GC invocations=5 (full 0):
 PSYoungGen      total 18432K, used 2528K [0x00000000eb800000, 0x00000000ed800000, 0x0000000100000000)
  eden space 15872K, 0% used [0x00000000eb800000,0x00000000eb800000,0x00000000ec780000)
  from space 2560K, 98% used [0x00000000ec780000,0x00000000ec9f8058,0x00000000eca00000)
  to   space 4608K, 0% used [0x00000000ed380000,0x00000000ed380000,0x00000000ed800000)
 ParOldGen       total 42496K, used 3254K [0x00000000c2800000, 0x00000000c5180000, 0x00000000eb800000)
  object space 42496K, 7% used [0x00000000c2800000,0x00000000c2b2dad0,0x00000000c5180000)
 Metaspace       used 16172K, capacity 16762K, committed 17024K, reserved 1064960K
  class space    used 2238K, capacity 2417K, committed 2432K, reserved 1048576K
}
Event: 727.542 GC heap before
{Heap before GC invocations=6 (full 0):
 PSYoungGen      total 18432K, used 18400K [0x00000000eb800000, 0x00000000ed800000, 0x0000000100000000)
  eden space 15872K, 100% used [0x00000000eb800000,0x00000000ec780000,0x00000000ec780000)
  from space 2560K, 98% used [0x00000000ec780000,0x00000000ec9f8058,0x00000000eca00000)
  to   space 4608K, 0% used [0x00000000ed380000,0x00000000ed380000,0x00000000ed800000)
 ParOldGen       total 42496K, used 3254K [0x00000000c2800000, 0x00000000c5180000, 0x00000000eb800000)
  object space 42496K, 7% used [0x00000000c2800000,0x00000000c2b2dad0,0x00000000c5180000)
 Metaspace       used 16173K, capacity 16762K, committed 17024K, reserved 1064960K
  class space    used 2238K, capacity 2417K, committed 2432K, reserved 1048576K
Event: 727.559 GC heap after
Heap after GC invocations=6 (full 0):
 PSYoungGen      total 18944K, used 2576K [0x00000000eb800000, 0x00000000ed680000, 0x0000000100000000)
  eden space 15872K, 0% used [0x00000000eb800000,0x00000000eb800000,0x00000000ec780000)
  from space 3072K, 83% used [0x00000000ed380000,0x00000000ed604068,0x00000000ed680000)
  to   space 4608K, 0% used [0x00000000ecd80000,0x00000000ecd80000,0x00000000ed200000)
 ParOldGen       total 42496K, used 3254K [0x00000000c2800000, 0x00000000c5180000, 0x00000000eb800000)
  object space 42496K, 7% used [0x00000000c2800000,0x00000000c2b2dad0,0x00000000c5180000)
 Metaspace       used 16173K, capacity 16762K, committed 17024K, reserved 1064960K
  class space    used 2238K, capacity 2417K, committed 2432K, reserved 1048576K
}
Event: 920.113 GC heap before
{Heap before GC invocations=7 (full 0):
 PSYoungGen      total 18944K, used 18448K [0x00000000eb800000, 0x00000000ed680000, 0x0000000100000000)
  eden space 15872K, 100% used [0x00000000eb800000,0x00000000ec780000,0x00000000ec780000)
  from space 3072K, 83% used [0x00000000ed380000,0x00000000ed604068,0x00000000ed680000)
  to   space 4608K, 0% used [0x00000000ecd80000,0x00000000ecd80000,0x00000000ed200000)
 ParOldGen       total 42496K, used 3254K [0x00000000c2800000, 0x00000000c5180000, 0x00000000eb800000)
  object space 42496K, 7% used [0x00000000c2800000,0x00000000c2b2dad0,0x00000000c5180000)
 Metaspace       used 16173K, capacity 16762K, committed 17024K, reserved 1064960K
  class space    used 2238K, capacity 2417K, committed 2432K, reserved 1048576K
Event: 920.130 GC heap after
Heap after GC invocations=7 (full 0):
 PSYoungGen      total 16384K, used 256K [0x00000000eb800000, 0x00000000ed400000, 0x0000000100000000)
  eden space 15872K, 0% used [0x00000000eb800000,0x00000000eb800000,0x00000000ec780000)
  from space 512K, 50% used [0x00000000ecd80000,0x00000000ecdc0000,0x00000000ece00000)
  to   space 5120K, 0% used [0x00000000ecf00000,0x00000000ecf00000,0x00000000ed400000)
 ParOldGen       total 42496K, used 5649K [0x00000000c2800000, 0x00000000c5180000, 0x00000000eb800000)
  object space 42496K, 13% used [0x00000000c2800000,0x00000000c2d84430,0x00000000c5180000)
 Metaspace       used 16173K, capacity 16762K, committed 17024K, reserved 1064960K
  class space    used 2238K, capacity 2417K, committed 2432K, reserved 1048576K
}

